[debug] [2020-12-24T18:51:48.186Z] ----------------------------------------------------------------------
[debug] [2020-12-24T18:51:48.188Z] Command:       /Users/icchio/.nvm/versions/node/v12.14.1/bin/node /Users/icchio/.nvm/versions/node/v12.14.1/bin/firebase deploy
[debug] [2020-12-24T18:51:48.188Z] CLI Version:   9.1.0
[debug] [2020-12-24T18:51:48.188Z] Platform:      darwin
[debug] [2020-12-24T18:51:48.189Z] Node Version:  v12.14.1
[debug] [2020-12-24T18:51:48.190Z] Time:          Thu Dec 24 2020 19:51:48 GMT+0100 (GMT+01:00)
[debug] [2020-12-24T18:51:48.190Z] ----------------------------------------------------------------------
[debug] [2020-12-24T18:51:48.190Z] 
[debug] [2020-12-24T18:51:48.201Z] > command requires scopes: ["email","openid","https://www.googleapis.com/auth/cloudplatformprojects.readonly","https://www.googleapis.com/auth/firebase","https://www.googleapis.com/auth/cloud-platform"]
[debug] [2020-12-24T18:51:48.202Z] > authorizing via signed-in user
[debug] [2020-12-24T18:51:48.202Z] [iam] checking project openpos-e5a41 for permissions ["firebase.projects.get","firebasedatabase.instances.update","firebasehosting.sites.update"]
[debug] [2020-12-24T18:51:48.204Z] > refreshing access token with scopes: ["email","https://www.googleapis.com/auth/cloud-platform","https://www.googleapis.com/auth/cloudplatformprojects.readonly","https://www.googleapis.com/auth/firebase","openid"]
[debug] [2020-12-24T18:51:48.205Z] >>> HTTP REQUEST POST https://www.googleapis.com/oauth2/v3/token  
 <request body omitted>
[debug] [2020-12-24T18:51:48.392Z] <<< HTTP RESPONSE 200 {"expires":"Mon, 01 Jan 1990 00:00:00 GMT","date":"Thu, 24 Dec 2020 18:51:48 GMT","cache-control":"no-cache, no-store, max-age=0, must-revalidate","pragma":"no-cache","content-type":"application/json; charset=utf-8","vary":"X-Origin, Referer, Origin,Accept-Encoding","server":"scaffolding on HTTPServer2","x-xss-protection":"0","x-frame-options":"SAMEORIGIN","x-content-type-options":"nosniff","alt-svc":"h3-29=\":443\"; ma=2592000,h3-T051=\":443\"; ma=2592000,h3-Q050=\":443\"; ma=2592000,h3-Q046=\":443\"; ma=2592000,h3-Q043=\":443\"; ma=2592000,quic=\":443\"; ma=2592000; v=\"46,43\"","accept-ranges":"none","transfer-encoding":"chunked"}
[debug] [2020-12-24T18:51:48.417Z] >>> HTTP REQUEST POST https://cloudresourcemanager.googleapis.com/v1/projects/openpos-e5a41:testIamPermissions  
 {"permissions":["firebase.projects.get","firebasedatabase.instances.update","firebasehosting.sites.update"]}
[debug] [2020-12-24T18:51:49.484Z] <<< HTTP RESPONSE 200 {"content-type":"application/json; charset=UTF-8","vary":"X-Origin, Referer, Origin,Accept-Encoding","date":"Thu, 24 Dec 2020 18:51:49 GMT","server":"ESF","cache-control":"private","x-xss-protection":"0","x-frame-options":"SAMEORIGIN","x-content-type-options":"nosniff","server-timing":"gfet4t7; dur=821","alt-svc":"h3-29=\":443\"; ma=2592000,h3-T051=\":443\"; ma=2592000,h3-Q050=\":443\"; ma=2592000,h3-Q046=\":443\"; ma=2592000,h3-Q043=\":443\"; ma=2592000,quic=\":443\"; ma=2592000; v=\"46,43\"","accept-ranges":"none","transfer-encoding":"chunked"}
[debug] [2020-12-24T18:51:49.486Z] >>> HTTP REQUEST GET https://firebase.googleapis.com/v1beta1/projects/openpos-e5a41  
 
[debug] [2020-12-24T18:51:49.791Z] <<< HTTP RESPONSE 200 {"content-type":"application/json; charset=UTF-8","vary":"X-Origin, Referer, Origin,Accept-Encoding","date":"Thu, 24 Dec 2020 18:51:49 GMT","server":"ESF","cache-control":"private","x-xss-protection":"0","x-frame-options":"SAMEORIGIN","x-content-type-options":"nosniff","alt-svc":"h3-29=\":443\"; ma=2592000,h3-T051=\":443\"; ma=2592000,h3-Q050=\":443\"; ma=2592000,h3-Q046=\":443\"; ma=2592000,h3-Q043=\":443\"; ma=2592000,quic=\":443\"; ma=2592000; v=\"46,43\"","accept-ranges":"none","transfer-encoding":"chunked"}
[debug] [2020-12-24T18:51:49.792Z] >>> HTTP REQUEST GET https://firebase.googleapis.com/v1beta1/projects/openpos-e5a41  
 
[debug] [2020-12-24T18:51:50.099Z] <<< HTTP RESPONSE 200 {"content-type":"application/json; charset=UTF-8","vary":"X-Origin, Referer, Origin,Accept-Encoding","date":"Thu, 24 Dec 2020 18:51:50 GMT","server":"ESF","cache-control":"private","x-xss-protection":"0","x-frame-options":"SAMEORIGIN","x-content-type-options":"nosniff","alt-svc":"h3-29=\":443\"; ma=2592000,h3-T051=\":443\"; ma=2592000,h3-Q050=\":443\"; ma=2592000,h3-Q046=\":443\"; ma=2592000,h3-Q043=\":443\"; ma=2592000,quic=\":443\"; ma=2592000; v=\"46,43\"","accept-ranges":"none","transfer-encoding":"chunked"}
[info] 
[info] === Deploying to 'openpos-e5a41'...
[info] 
[info] i  deploying database, hosting 
[info] i  database: checking rules syntax... 
[debug] [2020-12-24T18:51:50.106Z] >>> HTTP REQUEST GET https://firebasedatabase.googleapis.com/v1beta/projects/openpos-e5a41/locations/-/instances/openpos-e5a41-default-rtdb  
 
